<?xml version="1.0" encoding="UTF-8"?>
<testsuite name="JUnit Jupiter" tests="1" skipped="0" failures="0" errors="0" time="0.025" hostname="Alexander" timestamp="2018-02-27T01:42:53">
<properties>
[...]
</properties>
<testcase name="testFoo()" classname="HelloTest" time="0.006">
<system-out><![CDATA[
unique-id: [engine:junit-jupiter]/[class:HelloTest]/[method:testFoo()]
display-name: testFoo()
]]></system-out>
</testcase>
<system-out><![CDATA[
unique-id: [engine:junit-jupiter]
display-name: JUnit Jupiter
]]></system-out>
</testsuite>
